Arguments: 
  C:\Program Files\nodejs\node.exe C:\Users\Tapani\AppData\Roaming\npm\node_modules\yarn\bin\yarn.js add -D prettier

PATH: 
  C:\Program Files (x86)\Intel\iCLS Client\;C:\Program Files\Intel\iCLS Client\;C:\WINDOWS\system32;C:\WINDOWS;C:\WINDOWS\System32\Wbem;C:\WINDOWS\System32\WindowsPowerShell\v1.0\;C:\Program Files\Intel\Intel(R) Management Engine Components\DAL;C:\Program Files (x86)\Intel\Intel(R) Management Engine Components\DAL;C:\Program Files\Intel\Intel(R) Management Engine Components\IPT;C:\Program Files (x86)\Intel\Intel(R) Management Engine Components\IPT;C:\Program Files (x86)\Common Files\lenovo\easyplussdk\bin;C:\Program Files (x86)\Google\Google Apps Sync\;C:\Program Files (x86)\Google\Google Apps Migration\;C:\WINDOWS\System32\OpenSSH\;C:\Program Files (x86)\NVIDIA Corporation\PhysX\Common;C:\Program Files\nodejs;C:\Program Files\Gemalto\Classic Client\BIN;C:\Program Files (x86)\Gemalto\Classic Client\BIN;C:\Program Files (x86)\IDEMIA\AWP\Dlls;C:\Program Files\IDEMIA\AWP\Dlls;C:\Program Files (x86)\eParaksts Token Signing\;C:\Program Files\Git\cmd;C:\Program Files\PostgreSQL\14\bin;C:\Program Files\nodejs\;C:\Program Files\MySQL\MySQL Shell 8.0\bin\;C:\Users\Tapani\AppData\Local\Programs\Eclipse Adoptium\jdk-17.0.4.101-hotspot\bin;C:\Users\Tapani\AppData\Local\Microsoft\WindowsApps;C:\Users\Tapani\AppData\Local\Programs\Microsoft VS Code\bin;C:\Users\Tapani\AppData\Local\GitHubDesktop\bin;C:\Program Files\JetBrains\WebStorm 2022.3\bin;;C:\Windows\System32\cmd.exe;C:\Program Files\PostgreSQL\14\bin;C:\Users\Tapani\AppData\Roaming\npm

Yarn version: 
  1.22.19

Node version: 
  19.3.0

Platform: 
  win32 x64

Trace: 
  Error: https://registry.yarnpkg.com/date-fns/-/date-fns-2.29.3.tgz: ESOCKETTIMEDOUT
      at ClientRequest.<anonymous> (C:\Users\Tapani\AppData\Roaming\npm\node_modules\yarn\lib\cli.js:141517:19)
      at Object.onceWrapper (node:events:627:28)
      at ClientRequest.emit (node:events:513:28)
      at TLSSocket.emitRequestTimeout (node:_http_client:833:9)
      at Object.onceWrapper (node:events:627:28)
      at TLSSocket.emit (node:events:525:35)
      at Socket._onTimeout (node:net:553:8)
      at listOnTimeout (node:internal/timers:564:17)
      at process.processTimers (node:internal/timers:507:7)

npm manifest: 
  {
  	"name": "7-workout-react-web-app",
  	"version": "1.0.0",
  	"description": "",
  	"main": "server.js",
  	"type": "module",
  	"scripts": {
  		"start": "node back/server",
  		"server": "nodemon back/server",
  		"client": "npm run start --prefix front",
  		"dev": "concurrently \"npm run server\" \"npm run client\""
  	},
  	"author": "Mark Tim",
  	"license": "ISC",
  	"dependencies": {
  		"dotenv": "^16.0.3",
  		"express": "^4.18.2",
  		"mongoose": "^6.8.3"
  	},
  	"devDependencies": {
  		"colors": "^1.4.0",
  		"concurrently": "^7.6.0",
  		"morgan": "^1.10.0",
  		"nodemon": "^2.0.20",
  		"yarn": "^1.22.19"
  	}
  }

yarn manifest: 
  No manifest

Lockfile: 
  No lockfile
